0 info it worked if it ends with ok
1 verbose cli [ '/usr/bin/nodejs',
1 verbose cli   '/usr/bin/npm',
1 verbose cli   'install',
1 verbose cli   'socialmediaicons' ]
2 info using npm@1.3.10
3 info using node@v0.10.25
4 warn package.json douglaslise-com@0.0.1 No repository field.
5 verbose readDependencies using package.json deps
6 verbose cache add [ 'socialmediaicons', null ]
7 verbose cache add name=undefined spec="socialmediaicons" args=["socialmediaicons",null]
8 verbose parsed url { protocol: null,
8 verbose parsed url   slashes: null,
8 verbose parsed url   auth: null,
8 verbose parsed url   host: null,
8 verbose parsed url   port: null,
8 verbose parsed url   hostname: null,
8 verbose parsed url   hash: null,
8 verbose parsed url   search: null,
8 verbose parsed url   query: null,
8 verbose parsed url   pathname: 'socialmediaicons',
8 verbose parsed url   path: 'socialmediaicons',
8 verbose parsed url   href: 'socialmediaicons' }
9 silly lockFile 8d60c146-socialmediaicons socialmediaicons
10 verbose lock socialmediaicons /home/douglas/.npm/8d60c146-socialmediaicons.lock
11 silly lockFile 8d60c146-socialmediaicons socialmediaicons
12 silly lockFile 8d60c146-socialmediaicons socialmediaicons
13 verbose addNamed [ 'socialmediaicons', '' ]
14 verbose addNamed [ null, '*' ]
15 silly lockFile 5cea068f-socialmediaicons socialmediaicons@
16 verbose lock socialmediaicons@ /home/douglas/.npm/5cea068f-socialmediaicons.lock
17 silly addNameRange { name: 'socialmediaicons', range: '*', hasData: false }
18 verbose url raw socialmediaicons
19 verbose url resolving [ 'https://registry.npmjs.org/', './socialmediaicons' ]
20 verbose url resolved https://registry.npmjs.org/socialmediaicons
21 info trying registry request attempt 1 at 20:30:48
22 http GET https://registry.npmjs.org/socialmediaicons
23 http 404 https://registry.npmjs.org/socialmediaicons
24 silly registry.get cb [ 404,
24 silly registry.get   { 'content-type': 'application/json',
24 silly registry.get     'cache-control': 'max-age=0',
24 silly registry.get     'content-length': '2',
24 silly registry.get     'accept-ranges': 'bytes',
24 silly registry.get     date: 'Sat, 02 Apr 2016 23:30:51 GMT',
24 silly registry.get     via: '1.1 varnish',
24 silly registry.get     age: '0',
24 silly registry.get     connection: 'keep-alive',
24 silly registry.get     'x-served-by': 'cache-iad2145-IAD',
24 silly registry.get     'x-cache': 'MISS',
24 silly registry.get     'x-cache-hits': '0',
24 silly registry.get     'x-timer': 'S1459639851.504727,VS0,VE401' } ]
25 silly addNameRange number 2 { name: 'socialmediaicons', range: '*', hasData: true }
26 silly addNameRange versions [ undefined, [] ]
27 error TypeError: Cannot read property 'latest' of undefined
27 error     at next (/usr/share/npm/lib/cache.js:687:35)
27 error     at /usr/share/npm/lib/cache.js:675:5
27 error     at saved (/usr/share/npm/node_modules/npm-registry-client/lib/get.js:142:7)
27 error     at /usr/lib/nodejs/graceful-fs/polyfills.js:133:7
27 error     at Object.oncomplete (fs.js:107:15)
28 error If you need help, you may report this log at:
28 error     <http://github.com/isaacs/npm/issues>
28 error or email it to:
28 error     <npm-@googlegroups.com>
29 error System Linux 3.13.0-83-generic
30 error command "/usr/bin/nodejs" "/usr/bin/npm" "install" "socialmediaicons"
31 error cwd /home/douglas/code/douglaslise.com/app/images
32 error node -v v0.10.25
33 error npm -v 1.3.10
34 error type non_object_property_load
35 verbose exit [ 1, true ]
